G:\PROJECTS\STDX.FRAME.X86\GENERATEDFILES\RELEASE\MOC_STD.LCDNUMBER.CPP
G:\PROJECTS\STDX.FRAME.X86\GENERATEDFILES\RELEASE\MOC_STD.WIDGETICON.CPP
G:\PROJECTS\STDX.FRAME.X86\GENERATEDFILES\RELEASE\MOC_STD.WIDGET.CPP
G:\PROJECTS\STDX.FRAME.X86\GENERATEDFILES\RELEASE\MOC_STD.TREEWIDGET.CPP
G:\PROJECTS\STDX.FRAME.X86\GENERATEDFILES\RELEASE\MOC_STD.TREEVIEW.CPP
G:\PROJECTS\STDX.FRAME.X86\GENERATEDFILES\RELEASE\MOC_STD.TREEMODEL.CPP
G:\PROJECTS\STDX.FRAME.X86\GENERATEDFILES\RELEASE\MOC_STD.TOOLBUTTON.CPP
G:\PROJECTS\STDX.FRAME.X86\GENERATEDFILES\RELEASE\MOC_STD.TOOLBOX.CPP
G:\PROJECTS\STDX.FRAME.X86\GENERATEDFILES\RELEASE\MOC_STD.TOOLBAR.CPP
G:\PROJECTS\STDX.FRAME.X86\GENERATEDFILES\RELEASE\MOC_STD.TIMER.CPP
G:\PROJECTS\STDX.FRAME.X86\GENERATEDFILES\RELEASE\MOC_STD.TEXTEDIT.CPP
G:\PROJECTS\STDX.FRAME.X86\GENERATEDFILES\RELEASE\MOC_STD.TABLEDELEGATE.CPP
G:\PROJECTS\STDX.FRAME.X86\GENERATEDFILES\RELEASE\MOC_STD.TABLE.CPP
G:\PROJECTS\STDX.FRAME.X86\GENERATEDFILES\RELEASE\MOC_STD.TABBEDDELEGATE.CPP
G:\PROJECTS\STDX.FRAME.X86\GENERATEDFILES\RELEASE\MOC_STD.TABBED.CPP
G:\PROJECTS\STDX.FRAME.X86\GENERATEDFILES\RELEASE\MOC_STD.STATUSBAR.CPP
G:\PROJECTS\STDX.FRAME.X86\GENERATEDFILES\RELEASE\MOC_STD.SPLITTER.CPP
G:\PROJECTS\STDX.FRAME.X86\GENERATEDFILES\RELEASE\MOC_STD.SEARCHWIDGETCONTROL.CPP
G:\PROJECTS\STDX.FRAME.X86\GENERATEDFILES\RELEASE\MOC_STD.RESOURCE.CPP
G:\PROJECTS\STDX.FRAME.X86\GENERATEDFILES\RELEASE\MOC_STD.RADIOGROUP.CPP
G:\PROJECTS\STDX.FRAME.X86\GENERATEDFILES\RELEASE\MOC_STD.RADIOBUTTON.CPP
G:\PROJECTS\STDX.FRAME.X86\GENERATEDFILES\RELEASE\MOC_STD.PROGRESSBAR.CPP
G:\PROJECTS\STDX.FRAME.X86\GENERATEDFILES\RELEASE\MOC_STD.MENUBAR.CPP
G:\PROJECTS\STDX.FRAME.X86\GENERATEDFILES\RELEASE\MOC_STD.MENU.CPP
G:\PROJECTS\STDX.FRAME.X86\GENERATEDFILES\RELEASE\MOC_STD.MDIFRAMEWINDOWAREA.CPP
G:\PROJECTS\STDX.FRAME.X86\GENERATEDFILES\RELEASE\MOC_STD.MDIFRAMEWINDOW.CPP
G:\PROJECTS\STDX.FRAME.X86\GENERATEDFILES\RELEASE\MOC_STD.MDICHILDWINDOWMODELCOMMON.CPP
G:\PROJECTS\STDX.FRAME.X86\GENERATEDFILES\RELEASE\MOC_STD.MDICHILDWINDOW.CPP
G:\PROJECTS\STDX.FRAME.X86\GENERATEDFILES\RELEASE\MOC_STD.MAINWINDOW.CPP
G:\PROJECTS\STDX.FRAME.X86\GENERATEDFILES\RELEASE\MOC_STD.LINEEDIT.CPP
G:\PROJECTS\STDX.FRAME.X86\GENERATEDFILES\RELEASE\MOC_STD.LINEDATE.CPP
G:\PROJECTS\STDX.FRAME.X86\GENERATEDFILES\RELEASE\MOC_STD.LABEL.CPP
G:\PROJECTS\STDX.FRAME.X86\GENERATEDFILES\RELEASE\MOC_STD.HIPERLINK.CPP
G:\PROJECTS\STDX.FRAME.X86\GENERATEDFILES\RELEASE\MOC_STD.GROUPBOXTOPBUTTONCONTROL.CPP
G:\PROJECTS\STDX.FRAME.X86\GENERATEDFILES\RELEASE\MOC_STD.GROUPBOX.CPP
G:\PROJECTS\STDX.FRAME.X86\GENERATEDFILES\RELEASE\MOC_STD.DOCKWINDOW.CPP
G:\PROJECTS\STDX.FRAME.X86\GENERATEDFILES\RELEASE\MOC_STD.DISPLAYPROGRESSBAR.CPP
G:\PROJECTS\STDX.FRAME.X86\GENERATEDFILES\RELEASE\MOC_STD.DIALOGSEARCH.CPP
G:\PROJECTS\STDX.FRAME.X86\GENERATEDFILES\RELEASE\MOC_STD.DIALOGLOGIN.CPP
G:\PROJECTS\STDX.FRAME.X86\GENERATEDFILES\RELEASE\MOC_STD.DIALOGEX.CPP
G:\PROJECTS\STDX.FRAME.X86\GENERATEDFILES\RELEASE\MOC_STD.CONTROLS.CPP
G:\PROJECTS\STDX.FRAME.X86\GENERATEDFILES\RELEASE\MOC_STD.COMBOBOX.CPP
G:\PROJECTS\STDX.FRAME.X86\GENERATEDFILES\RELEASE\MOC_STD.CHECKBOX.CPP
G:\PROJECTS\STDX.FRAME.X86\GENERATEDFILES\RELEASE\MOC_STD.BUTTON.CPP
G:\PROJECTS\STDX.FRAME.X86\GENERATEDFILES\RELEASE\MOC_STD.APPLICATION.CPP
G:\PROJECTS\STDX.FRAME.X86\GENERATEDFILES\RELEASE\MOC_STD.ACTION.CPP
G:\PROJECTS\STDX.FRAME.X86\GENERATEDFILES\RELEASE\MOC_STD.ABOUTDIALOG.CPP
G:\Projects\stdx.frame.x86\x64\Release\cl.command.1.tlog
G:\Projects\stdx.frame.x86\x64\Release\CL.read.1.tlog
G:\Projects\stdx.frame.x86\x64\Release\CL.write.1.tlog
G:\Projects\stdx.frame.x86\x64\Release\custombuild.command.1.tlog
G:\Projects\stdx.frame.x86\x64\Release\custombuild.read.1.tlog
G:\Projects\stdx.frame.x86\x64\Release\custombuild.write.1.tlog
