  Moc'ing std.lcdnumber.hpp...
  Moc'ing std.widgeticon.hpp...
  Moc'ing std.widget.hpp...
  :/Qt/Qt5.2.1/5.2.1/msvc2012_64_opengl/include/qtgui/qabstracttextdocumentlayout.(142): Parse error at "QTextObjectInterface"
  Moc'ing std.treewidget.hpp...
  Moc'ing std.treeview.hpp...
  Moc'ing std.treemodel.hpp...
  Moc'ing std.toolbutton.hpp...
  Moc'ing std.toolbox.hpp...
  Moc'ing std.toolbar.hpp...
  Moc'ing std.timer.hpp...
  Moc'ing std.textedit.hpp...
C:\Program Files (x86)\MSBuild\Microsoft.Cpp\v4.0\V110\Microsoft.CppCommon.targets(172,5): warning MSB4220: Waiting for the currently executing task "CustomBuild" to cancel.
  Moc'ing std.tabledelegate.hpp...
  Moc'ing std.table.hpp...
  Moc'ing std.tabbeddelegate.hpp...
  Moc'ing std.tabbed.hpp...
C:\Program Files (x86)\MSBuild\Microsoft.Cpp\v4.0\V110\Microsoft.CppCommon.targets(172,5): warning MSB4220: Waiting for the currently executing task "CustomBuild" to cancel.
  Moc'ing std.statusbar.hpp...
  Moc'ing std.splitter.hpp...
  Moc'ing std.searchwidgetcontrol.hpp...
  Moc'ing std.resource.hpp...
  Moc'ing std.radiogroup.hpp...
  Moc'ing std.radiobutton.hpp...
  C:/Qt/Qt5.2.1/5.2.1/msvc2012_64_opengl/include/QtGui/qopenglext.h(3645): Parse error at "define"
  Moc'ing std.progressbar.hpp...
  Moc'ing std.menubar.hpp...
C:\Program Files (x86)\MSBuild\Microsoft.Cpp\v4.0\V110\Microsoft.CppCommon.targets(172,5): warning MSB4220: Waiting for the currently executing task "CustomBuild" to cancel.
  Moc'ing std.menu.hpp...
MSBUILD : error MSB4166: Child node "2" exited prematurely. Shutting down. Diagnostic information may be found in files in the temporary files directory named MSBuild_*.failure.txt.
